\BOOKMARK [1][-]{section.1}{Basic group attributes}{}% 1
\BOOKMARK [2][-]{subsection.1.1}{Symmetric bilinear form}{section.1}% 2
\BOOKMARK [2][-]{subsection.1.2}{Lie algebra}{section.1}% 3
\BOOKMARK [2][-]{subsection.1.3}{Torus}{section.1}% 4
\BOOKMARK [1][-]{section.2}{Root system}{}% 5
\BOOKMARK [2][-]{subsection.2.1}{Dynkin diagram}{section.2}% 6
\BOOKMARK [2][-]{subsection.2.2}{Cartan matrix}{section.2}% 7
\BOOKMARK [2][-]{subsection.2.3}{Roots}{section.2}% 8
\BOOKMARK [2][-]{subsection.2.4}{Coroots}{section.2}% 9
\BOOKMARK [2][-]{subsection.2.5}{Linear combinations of roots}{section.2}% 10
\BOOKMARK [1][-]{section.3}{Root spaces}{}% 11
\BOOKMARK [2][-]{subsection.3.1}{Dimensions}{section.3}% 12
\BOOKMARK [2][-]{subsection.3.2}{Root space table}{section.3}% 13
\BOOKMARK [1][-]{section.4}{Root subgroups}{}% 14
\BOOKMARK [2][-]{subsection.4.1}{Root subgroup table}{section.4}% 15
\BOOKMARK [2][-]{subsection.4.2}{Homomorphism property}{section.4}% 16
\BOOKMARK [1][-]{section.5}{Commutators}{}% 17
\BOOKMARK [2][-]{subsection.5.1}{Commutator identities}{section.5}% 18
\BOOKMARK [1][-]{section.6}{Weyl group}{}% 19
\BOOKMARK [2][-]{subsection.6.1}{Weyl group elements}{section.6}% 20
\BOOKMARK [2][-]{subsection.6.2}{Weyl group conjugation coefficients}{section.6}% 21
\BOOKMARK [2][-]{subsection.6.3}{Weyl group conjugation identities}{section.6}% 22
